<?xml version="1.0" encoding="UTF-8"?>
<!-- Generated by org.testng.reporters.JUnitXMLReporter -->
<testsuite ignored="0" hostname="MacBook-Air-de-Jorge.local" failures="0" tests="26" name="Surefire test" time="1.1" errors="0" timestamp="2021-12-16T19:48:03 PET">
  <testcase classname="practica2.PrincipalTest" name="calculate_average_grade_given_different_exam_grades_and_attending_the_minimum_classes" time="0.107"/>
  <testcase classname="practica2.PrincipalTest" name="calculate_same_grade_given_one_single_exam_and_attending_the_minimum_classes" time="0.0"/>
  <testcase classname="practica2.PrincipalTest" name="fail_given_different_exam_grades_but_not_attending_the_minimum_classes" time="0.002"/>
  <testcase classname="practica2.PrincipalTest" name="fail_given_odd_exam_grades_but_attending_the_minimum_classes" time="0.001"/>
  <testcase classname="practica2.PrincipalTest" name="fail_given_one_single_exam_but_not_attending_the_minimum_classes" time="0.0"/>
  <testcase classname="practica2.PrincipalTest" name="fail_given_there_are_no_exams" time="0.005"/>
  <testcase classname="practica2.PrincipalTest" name="fail_when_there_are_no_exams_and_has_not_attended_the_minimum_classes" time="0.001"/>
  <testcase classname="practica2.PrincipalTest" name="increase_one_extra_point_if_there_is_any_benevolent_teacher_in_the_year_to_calculate_grades" time="0.335"/>
  <testcase classname="practica2.PrincipalTest" name="maintain_10_as_the_maximum_grade_even_if_increasing_one_extra_point" time="0.047"/>
  <testcase classname="practica2.PrincipalTest" name="not_increase_one_extra_point_if_there_is_not_any_benevolent_teacher_in_the_year_to_calculate_grades" time="0.007"/>
  <testcase classname="practica2.PrincipalTest" name="round_up_to_2_decimals_given_odd_exam_grades_and_attending_the_minimum_classes" time="0.005"/>
  <testcase classname="practica2.PrincipalTest" name="validate_all_exam_grades_weight_below_100" time="0.002"/>
  <testcase classname="practica2.PrincipalTest" name="validate_all_exam_grades_weight_over_100" time="0.033"/>
  <testcase classname="PrincipalTest" name="calculate_average_grade_given_different_exam_grades_and_attending_the_minimum_classes" time="0.042"/>
  <testcase classname="PrincipalTest" name="calculate_same_grade_given_one_single_exam_and_attending_the_minimum_classes" time="0.0"/>
  <testcase classname="PrincipalTest" name="fail_given_different_exam_grades_but_not_attending_the_minimum_classes" time="0.001"/>
  <testcase classname="PrincipalTest" name="fail_given_odd_exam_grades_but_attending_the_minimum_classes" time="0.002"/>
  <testcase classname="PrincipalTest" name="fail_given_one_single_exam_but_not_attending_the_minimum_classes" time="0.001"/>
  <testcase classname="PrincipalTest" name="fail_given_there_are_no_exams" time="0.003"/>
  <testcase classname="PrincipalTest" name="fail_when_there_are_no_exams_and_has_not_attended_the_minimum_classes" time="0.004"/>
  <testcase classname="PrincipalTest" name="increase_one_extra_point_if_there_is_any_benevolent_teacher_in_the_year_to_calculate_grades" time="0.001"/>
  <testcase classname="PrincipalTest" name="maintain_10_as_the_maximum_grade_even_if_increasing_one_extra_point" time="0.002"/>
  <testcase classname="PrincipalTest" name="not_increase_one_extra_point_if_there_is_not_any_benevolent_teacher_in_the_year_to_calculate_grades" time="0.003"/>
  <testcase classname="PrincipalTest" name="round_up_to_2_decimals_given_odd_exam_grades_and_attending_the_minimum_classes" time="0.001"/>
  <testcase classname="PrincipalTest" name="validate_all_exam_grades_weight_below_100" time="0.007"/>
  <testcase classname="PrincipalTest" name="validate_all_exam_grades_weight_over_100" time="0.001"/>
</testsuite> <!-- Surefire test -->
