<?xml version="1.0" encoding="UTF-8"?>
<testng-results ignored="0" total="19" passed="19" failed="0" skipped="0">
  <reporter-output>
  </reporter-output>
  <suite started-at="2021-12-16T20:08:51 PET" name="Surefire suite" finished-at="2021-12-16T20:08:52 PET" duration-ms="1453">
    <groups>
    </groups>
    <test started-at="2021-12-16T20:08:51 PET" name="Surefire test" finished-at="2021-12-16T20:08:52 PET" duration-ms="1453">
      <class name="practica.AdministrativoTest">
        <test-method signature="fail_sueldo()[pri:0, instance:practica.AdministrativoTest@3f91b517]" started-at="2021-12-16T20:08:52 PET" name="fail_sueldo" finished-at="2021-12-16T20:08:52 PET" duration-ms="3" status="PASS">
          <reporter-output>
          </reporter-output>
        </test-method> <!-- fail_sueldo -->
      </class> <!-- practica.AdministrativoTest -->
      <class name="practica.ProfesorTPTest">
        <test-method signature="fail_sueldo()[pri:0, instance:practica.ProfesorTPTest@4f3bbf68]" started-at="2021-12-16T20:08:51 PET" name="fail_sueldo" finished-at="2021-12-16T20:08:52 PET" duration-ms="385" status="PASS">
          <reporter-output>
          </reporter-output>
        </test-method> <!-- fail_sueldo -->
      </class> <!-- practica.ProfesorTPTest -->
      <class name="practica.ProfesorTCTest">
        <test-method signature="fail_sueldo()[pri:0, instance:practica.ProfesorTCTest@68702e03]" started-at="2021-12-16T20:08:52 PET" name="fail_sueldo" finished-at="2021-12-16T20:08:52 PET" duration-ms="2" status="PASS">
          <reporter-output>
          </reporter-output>
        </test-method> <!-- fail_sueldo -->
      </class> <!-- practica.ProfesorTCTest -->
      <class name="practica.MaestriaTest">
        <test-method signature="fail_grado()[pri:0, instance:practica.MaestriaTest@5be46f9d]" started-at="2021-12-16T20:08:52 PET" name="fail_grado" finished-at="2021-12-16T20:08:52 PET" duration-ms="4" status="PASS">
          <reporter-output>
          </reporter-output>
        </test-method> <!-- fail_grado -->
      </class> <!-- practica.MaestriaTest -->
      <class name="practica.PregradoTest">
        <test-method signature="fail_grado()[pri:0, instance:practica.PregradoTest@2421cc4]" started-at="2021-12-16T20:08:52 PET" name="fail_grado" finished-at="2021-12-16T20:08:52 PET" duration-ms="8" status="PASS">
          <reporter-output>
          </reporter-output>
        </test-method> <!-- fail_grado -->
      </class> <!-- practica.PregradoTest -->
      <class name="practica.DoctoradoTest">
        <test-method signature="fail_grado()[pri:0, instance:practica.DoctoradoTest@30c93896]" started-at="2021-12-16T20:08:52 PET" name="fail_grado" finished-at="2021-12-16T20:08:52 PET" duration-ms="11" status="PASS">
          <reporter-output>
          </reporter-output>
        </test-method> <!-- fail_grado -->
      </class> <!-- practica.DoctoradoTest -->
      <class name="practica.PrincipalTest">
        <test-method signature="calculate_average_grade_given_different_exam_grades_and_attending_the_minimum_classes()[pri:0, instance:practica.PrincipalTest@7a220c9a]" started-at="2021-12-16T20:08:52 PET" name="calculate_average_grade_given_different_exam_grades_and_attending_the_minimum_classes" finished-at="2021-12-16T20:08:52 PET" duration-ms="74" status="PASS">
          <reporter-output>
          </reporter-output>
        </test-method> <!-- calculate_average_grade_given_different_exam_grades_and_attending_the_minimum_classes -->
        <test-method signature="calculate_same_grade_given_one_single_exam_and_attending_the_minimum_classes()[pri:0, instance:practica.PrincipalTest@7a220c9a]" started-at="2021-12-16T20:08:52 PET" name="calculate_same_grade_given_one_single_exam_and_attending_the_minimum_classes" finished-at="2021-12-16T20:08:52 PET" duration-ms="1" status="PASS">
          <reporter-output>
          </reporter-output>
        </test-method> <!-- calculate_same_grade_given_one_single_exam_and_attending_the_minimum_classes -->
        <test-method signature="fail_given_different_exam_grades_but_not_attending_the_minimum_classes()[pri:0, instance:practica.PrincipalTest@7a220c9a]" started-at="2021-12-16T20:08:52 PET" name="fail_given_different_exam_grades_but_not_attending_the_minimum_classes" finished-at="2021-12-16T20:08:52 PET" duration-ms="0" status="PASS">
          <reporter-output>
          </reporter-output>
        </test-method> <!-- fail_given_different_exam_grades_but_not_attending_the_minimum_classes -->
        <test-method signature="fail_given_odd_exam_grades_but_attending_the_minimum_classes()[pri:0, instance:practica.PrincipalTest@7a220c9a]" started-at="2021-12-16T20:08:52 PET" name="fail_given_odd_exam_grades_but_attending_the_minimum_classes" finished-at="2021-12-16T20:08:52 PET" duration-ms="1" status="PASS">
          <reporter-output>
          </reporter-output>
        </test-method> <!-- fail_given_odd_exam_grades_but_attending_the_minimum_classes -->
        <test-method signature="fail_given_one_single_exam_but_not_attending_the_minimum_classes()[pri:0, instance:practica.PrincipalTest@7a220c9a]" started-at="2021-12-16T20:08:52 PET" name="fail_given_one_single_exam_but_not_attending_the_minimum_classes" finished-at="2021-12-16T20:08:52 PET" duration-ms="1" status="PASS">
          <reporter-output>
          </reporter-output>
        </test-method> <!-- fail_given_one_single_exam_but_not_attending_the_minimum_classes -->
        <test-method signature="fail_given_there_are_no_exams()[pri:0, instance:practica.PrincipalTest@7a220c9a]" started-at="2021-12-16T20:08:52 PET" name="fail_given_there_are_no_exams" finished-at="2021-12-16T20:08:52 PET" duration-ms="1" status="PASS">
          <reporter-output>
          </reporter-output>
        </test-method> <!-- fail_given_there_are_no_exams -->
        <test-method signature="fail_when_there_are_no_exams_and_has_not_attended_the_minimum_classes()[pri:0, instance:practica.PrincipalTest@7a220c9a]" started-at="2021-12-16T20:08:52 PET" name="fail_when_there_are_no_exams_and_has_not_attended_the_minimum_classes" finished-at="2021-12-16T20:08:52 PET" duration-ms="0" status="PASS">
          <reporter-output>
          </reporter-output>
        </test-method> <!-- fail_when_there_are_no_exams_and_has_not_attended_the_minimum_classes -->
        <test-method signature="increase_one_extra_point_if_there_is_any_benevolent_teacher_in_the_year_to_calculate_grades()[pri:0, instance:practica.PrincipalTest@7a220c9a]" started-at="2021-12-16T20:08:52 PET" name="increase_one_extra_point_if_there_is_any_benevolent_teacher_in_the_year_to_calculate_grades" finished-at="2021-12-16T20:08:52 PET" duration-ms="254" status="PASS">
          <reporter-output>
          </reporter-output>
        </test-method> <!-- increase_one_extra_point_if_there_is_any_benevolent_teacher_in_the_year_to_calculate_grades -->
        <test-method signature="maintain_10_as_the_maximum_grade_even_if_increasing_one_extra_point()[pri:0, instance:practica.PrincipalTest@7a220c9a]" started-at="2021-12-16T20:08:52 PET" name="maintain_10_as_the_maximum_grade_even_if_increasing_one_extra_point" finished-at="2021-12-16T20:08:52 PET" duration-ms="64" status="PASS">
          <reporter-output>
          </reporter-output>
        </test-method> <!-- maintain_10_as_the_maximum_grade_even_if_increasing_one_extra_point -->
        <test-method signature="not_increase_one_extra_point_if_there_is_not_any_benevolent_teacher_in_the_year_to_calculate_grades()[pri:0, instance:practica.PrincipalTest@7a220c9a]" started-at="2021-12-16T20:08:52 PET" name="not_increase_one_extra_point_if_there_is_not_any_benevolent_teacher_in_the_year_to_calculate_grades" finished-at="2021-12-16T20:08:52 PET" duration-ms="1" status="PASS">
          <reporter-output>
          </reporter-output>
        </test-method> <!-- not_increase_one_extra_point_if_there_is_not_any_benevolent_teacher_in_the_year_to_calculate_grades -->
        <test-method signature="round_up_to_2_decimals_given_odd_exam_grades_and_attending_the_minimum_classes()[pri:0, instance:practica.PrincipalTest@7a220c9a]" started-at="2021-12-16T20:08:52 PET" name="round_up_to_2_decimals_given_odd_exam_grades_and_attending_the_minimum_classes" finished-at="2021-12-16T20:08:52 PET" duration-ms="8" status="PASS">
          <reporter-output>
          </reporter-output>
        </test-method> <!-- round_up_to_2_decimals_given_odd_exam_grades_and_attending_the_minimum_classes -->
        <test-method signature="validate_all_exam_grades_weight_below_100()[pri:0, instance:practica.PrincipalTest@7a220c9a]" started-at="2021-12-16T20:08:52 PET" name="validate_all_exam_grades_weight_below_100" finished-at="2021-12-16T20:08:52 PET" duration-ms="3" status="PASS">
          <reporter-output>
          </reporter-output>
        </test-method> <!-- validate_all_exam_grades_weight_below_100 -->
        <test-method signature="validate_all_exam_grades_weight_over_100()[pri:0, instance:practica.PrincipalTest@7a220c9a]" started-at="2021-12-16T20:08:52 PET" name="validate_all_exam_grades_weight_over_100" finished-at="2021-12-16T20:08:52 PET" duration-ms="1" status="PASS">
          <reporter-output>
          </reporter-output>
        </test-method> <!-- validate_all_exam_grades_weight_over_100 -->
      </class> <!-- practica.PrincipalTest -->
    </test> <!-- Surefire test -->
  </suite> <!-- Surefire suite -->
</testng-results>
